<?xml version="1.0" encoding="UTF-8"?>
<!-- Generated by org.testng.reporters.JUnitXMLReporter -->
<testsuite ignored="0" hostname="MFCLT9J28003" failures="0" tests="3" name="Default test" time="53.105" errors="0" timestamp="2023-03-18T07:31:05 IST">
  <testcase classname="Automation.Tests.standalonetestPOMmodified" name="standalone" time="26.068"/>
  <testcase classname="Automation.Tests.standalonetestPOMmodified" name="orderhistory" time="1.375"/>
  <testcase classname="Automation.Tests.standalonetestPOMmodified" name="orderhistory" time="1.347"/>
</testsuite> <!-- Default test -->
