<?xml version="1.0" encoding="UTF-8"?>
<!-- Generated by org.testng.reporters.JUnitXMLReporter -->
<testsuite ignored="0" hostname="MFCLT9J28003" failures="0" tests="2" name="errorvalidationTest" time="45.091" errors="0" timestamp="2023-04-04T15:26:25 IST">
  <testcase classname="Automation.Tests.errorvalidation" name="loginerrorvalidation" time="0.608"/>
  <testcase classname="Automation.Tests.errorvalidation" name="producterrorvalidation" time="29.958"/>
</testsuite> <!-- errorvalidationTest -->
