<?xml version="1.0" encoding="UTF-8"?>
<!-- Generated by org.testng.reporters.JUnitXMLReporter -->
<testsuite ignored="0" hostname="MFCLT9J28003" failures="1" tests="3" name="errorvalidationTest" time="32.482" errors="0" timestamp="2023-03-16T08:41:44 IST">
  <testcase classname="Automation.Tests.errorvalidation" name="loginerrorvalidation" time="0.725">
    <skipped/>
  </testcase> <!-- loginerrorvalidation -->
  <testcase classname="Automation.Tests.errorvalidation" name="loginerrorvalidation" time="0.392">
    <failure type="java.lang.AssertionError" message="expected [Incorrect email or password.] but found [Incorrect email o password.]">
      <![CDATA[java.lang.AssertionError: expected [Incorrect email or password.] but found [Incorrect email o password.]
at Automation.Tests.errorvalidation.loginerrorvalidation(errorvalidation.java:18)
at java.base/java.util.ArrayList.forEach(ArrayList.java:1511)
at java.base/java.util.concurrent.FutureTask.run(FutureTask.java:264)
at java.base/java.util.concurrent.ThreadPoolExecutor.runWorker(ThreadPoolExecutor.java:1136)
at java.base/java.util.concurrent.ThreadPoolExecutor$Worker.run(ThreadPoolExecutor.java:635)
at java.base/java.lang.Thread.run(Thread.java:833)
... Removed 24 stack frames]]>
    </failure>
  </testcase> <!-- loginerrorvalidation -->
  <testcase classname="Automation.Tests.errorvalidation" name="producterrorvalidation" time="2.75"/>
</testsuite> <!-- errorvalidationTest -->
