<?xml version="1.0" encoding="UTF-8"?>
<!-- Generated by org.testng.reporters.JUnitXMLReporter -->
<testsuite ignored="1" hostname="MFCLT9J28003" failures="0" tests="1" name="errorvalidationTest" time="11.342" errors="0" timestamp="2023-03-17T15:57:58 IST">
  <testcase classname="Automation.Tests.errorvalidation" name="loginerrorvalidation" time="0.704"/>
  <testcase classname="Automation.Tests.errorvalidation" name="producterrorvalidation" time="0.0">
    <ignored/>
  </testcase> <!-- producterrorvalidation -->
</testsuite> <!-- errorvalidationTest -->
