<?xml version="1.0" encoding="UTF-8"?>
<testng-results ignored="2" total="4" passed="2" failed="0" skipped="0">
  <reporter-output>
  </reporter-output>
  <suite started-at="2023-04-04T12:46:27 IST" name="Suite" finished-at="2023-04-04T12:46:49 IST" duration-ms="22153">
    <groups>
      <group name="ErrorHandling">
        <method signature="errorvalidation.loginerrorvalidation()[pri:0, instance:Automation.Tests.errorvalidation@24111ef1]" name="loginerrorvalidation" class="Automation.Tests.errorvalidation"/>
      </group> <!-- ErrorHandling -->
    </groups>
    <test started-at="2023-04-04T12:46:27 IST" name="standaloneTest" finished-at="2023-04-04T12:46:27 IST" duration-ms="31">
    </test> <!-- standaloneTest -->
    <test started-at="2023-04-04T12:46:27 IST" name="errorvalidationTest" finished-at="2023-04-04T12:46:49 IST" duration-ms="22153">
      <class name="Automation.Tests.errorvalidation">
        <test-method is-config="true" signature="launchapplication()[pri:0, instance:Automation.Tests.errorvalidation@24111ef1]" started-at="2023-04-04T12:46:27 IST" name="launchapplication" finished-at="2023-04-04T12:46:48 IST" duration-ms="20916" status="PASS">
          <reporter-output>
          </reporter-output>
        </test-method> <!-- launchapplication -->
        <test-method signature="loginerrorvalidation()[pri:0, instance:Automation.Tests.errorvalidation@24111ef1]" started-at="2023-04-04T12:46:48 IST" name="loginerrorvalidation" finished-at="2023-04-04T12:46:49 IST" duration-ms="881" status="PASS">
          <reporter-output>
          </reporter-output>
        </test-method> <!-- loginerrorvalidation -->
        <test-method is-config="true" signature="teardown()[pri:0, instance:Automation.Tests.errorvalidation@24111ef1]" started-at="2023-04-04T12:46:49 IST" name="teardown" finished-at="2023-04-04T12:46:49 IST" duration-ms="281" status="PASS">
          <reporter-output>
          </reporter-output>
        </test-method> <!-- teardown -->
      </class> <!-- Automation.Tests.errorvalidation -->
    </test> <!-- errorvalidationTest -->
  </suite> <!-- Suite -->
  <suite started-at="2023-04-04T12:46:49 IST" name="Suite (0)" finished-at="2023-04-04T12:46:59 IST" duration-ms="10064">
    <groups>
      <group name="ErrorHandling">
        <method signature="errorvalidation.loginerrorvalidation()[pri:0, instance:Automation.Tests.errorvalidation@5143c662]" name="loginerrorvalidation" class="Automation.Tests.errorvalidation"/>
      </group> <!-- ErrorHandling -->
    </groups>
    <test started-at="2023-04-04T12:46:49 IST" name="standaloneTestpom" finished-at="2023-04-04T12:46:59 IST" duration-ms="10064">
      <class name="Automation.Tests.standalonetestPOM">
        <test-method signature="standalone()[pri:0, instance:Automation.Tests.standalonetestPOM@403f0a22]" started-at="2023-04-04T12:46:49 IST" name="standalone" finished-at="2023-04-04T12:46:59 IST" duration-ms="10063" status="PASS">
          <reporter-output>
          </reporter-output>
        </test-method> <!-- standalone -->
      </class> <!-- Automation.Tests.standalonetestPOM -->
    </test> <!-- standaloneTestpom -->
  </suite> <!-- Suite (0) -->
</testng-results>
