<?xml version="1.0" encoding="UTF-8"?>
<testng-results ignored="0" total="3" passed="3" failed="0" skipped="0">
  <reporter-output>
  </reporter-output>
  <suite started-at="2023-04-04T15:25:40 IST" name="Suite" finished-at="2023-04-04T15:26:25 IST" duration-ms="45091">
    <groups>
      <group name="ErrorHandling">
        <method signature="errorvalidation.loginerrorvalidation()[pri:0, instance:Automation.Tests.errorvalidation@1b84f475]" name="loginerrorvalidation" class="Automation.Tests.errorvalidation"/>
      </group> <!-- ErrorHandling -->
    </groups>
    <test started-at="2023-04-04T15:25:40 IST" name="standaloneTestpom" finished-at="2023-04-04T15:25:52 IST" duration-ms="12296">
      <class name="Automation.Tests.standalonetestPOM">
        <test-method signature="standalone()[pri:0, instance:Automation.Tests.standalonetestPOM@5c2375a9]" started-at="2023-04-04T15:25:40 IST" name="standalone" finished-at="2023-04-04T15:25:52 IST" duration-ms="12272" status="PASS">
          <reporter-output>
          </reporter-output>
        </test-method> <!-- standalone -->
      </class> <!-- Automation.Tests.standalonetestPOM -->
    </test> <!-- standaloneTestpom -->
    <test started-at="2023-04-04T15:25:40 IST" name="errorvalidationTest" finished-at="2023-04-04T15:26:25 IST" duration-ms="45091">
      <class name="Automation.Tests.errorvalidation">
        <test-method is-config="true" signature="launchapplication()[pri:0, instance:Automation.Tests.errorvalidation@1b84f475]" started-at="2023-04-04T15:25:40 IST" name="launchapplication" finished-at="2023-04-04T15:25:49 IST" duration-ms="9154" status="PASS">
          <reporter-output>
          </reporter-output>
        </test-method> <!-- launchapplication -->
        <test-method signature="loginerrorvalidation()[pri:0, instance:Automation.Tests.errorvalidation@1b84f475]" started-at="2023-04-04T15:25:49 IST" name="loginerrorvalidation" finished-at="2023-04-04T15:25:49 IST" duration-ms="608" status="PASS">
          <reporter-output>
          </reporter-output>
        </test-method> <!-- loginerrorvalidation -->
        <test-method is-config="true" signature="teardown()[pri:0, instance:Automation.Tests.errorvalidation@1b84f475]" started-at="2023-04-04T15:25:49 IST" name="teardown" finished-at="2023-04-04T15:25:49 IST" duration-ms="113" status="PASS">
          <reporter-output>
          </reporter-output>
        </test-method> <!-- teardown -->
        <test-method is-config="true" signature="launchapplication()[pri:0, instance:Automation.Tests.errorvalidation@1b84f475]" started-at="2023-04-04T15:25:49 IST" name="launchapplication" finished-at="2023-04-04T15:25:54 IST" duration-ms="5048" status="PASS">
          <reporter-output>
          </reporter-output>
        </test-method> <!-- launchapplication -->
        <test-method signature="producterrorvalidation()[pri:0, instance:Automation.Tests.errorvalidation@1b84f475]" started-at="2023-04-04T15:25:54 IST" name="producterrorvalidation" finished-at="2023-04-04T15:26:24 IST" duration-ms="29958" status="PASS">
          <reporter-output>
          </reporter-output>
        </test-method> <!-- producterrorvalidation -->
        <test-method is-config="true" signature="teardown()[pri:0, instance:Automation.Tests.errorvalidation@1b84f475]" started-at="2023-04-04T15:26:24 IST" name="teardown" finished-at="2023-04-04T15:26:25 IST" duration-ms="174" status="PASS">
          <reporter-output>
          </reporter-output>
        </test-method> <!-- teardown -->
      </class> <!-- Automation.Tests.errorvalidation -->
    </test> <!-- errorvalidationTest -->
  </suite> <!-- Suite -->
</testng-results>
