<?xml version="1.0" encoding="UTF-8"?>
<testng-results ignored="0" total="3" passed="3" failed="0" skipped="0">
  <reporter-output>
  </reporter-output>
  <suite started-at="2023-03-18T07:30:12 IST" name="Default suite" finished-at="2023-03-18T07:31:05 IST" duration-ms="53105">
    <groups>
    </groups>
    <test started-at="2023-03-18T07:30:12 IST" name="Default test" finished-at="2023-03-18T07:31:05 IST" duration-ms="53105">
      <class name="Automation.Tests.standalonetestPOMmodified">
        <test-method is-config="true" signature="launchapplication()[pri:0, instance:Automation.Tests.standalonetestPOMmodified@54a7079e]" started-at="2023-03-18T07:30:12 IST" name="launchapplication" finished-at="2023-03-18T07:30:20 IST" duration-ms="8465" status="PASS">
          <reporter-output>
          </reporter-output>
        </test-method> <!-- launchapplication -->
        <test-method signature="standalone()[pri:0, instance:Automation.Tests.standalonetestPOMmodified@54a7079e]" started-at="2023-03-18T07:30:20 IST" name="standalone" finished-at="2023-03-18T07:30:46 IST" duration-ms="26068" status="PASS">
          <reporter-output>
          </reporter-output>
        </test-method> <!-- standalone -->
        <test-method is-config="true" signature="teardown()[pri:0, instance:Automation.Tests.standalonetestPOMmodified@54a7079e]" started-at="2023-03-18T07:30:46 IST" name="teardown" finished-at="2023-03-18T07:30:47 IST" duration-ms="198" status="PASS">
          <reporter-output>
          </reporter-output>
        </test-method> <!-- teardown -->
        <test-method is-config="true" signature="launchapplication()[pri:0, instance:Automation.Tests.standalonetestPOMmodified@54a7079e]" started-at="2023-03-18T07:30:50 IST" name="launchapplication" finished-at="2023-03-18T07:30:57 IST" duration-ms="7633" status="PASS">
          <reporter-output>
          </reporter-output>
        </test-method> <!-- launchapplication -->
        <test-method signature="orderhistory(java.lang.String,java.lang.String,java.lang.String)[pri:0, instance:Automation.Tests.standalonetestPOMmodified@54a7079e]" started-at="2023-03-18T07:30:57 IST" name="orderhistory" data-provider="getData" finished-at="2023-03-18T07:30:59 IST" depends-on-methods="Automation.Tests.standalonetestPOMmodified.standalone" duration-ms="1375" status="PASS">
          <params>
            <param index="0">
              <value>
                <![CDATA[iqa@gmail.com]]>
              </value>
            </param>
            <param index="1">
              <value>
                <![CDATA[738218@Ggvk]]>
              </value>
            </param>
            <param index="2">
              <value>
                <![CDATA[IPHONE 13 PRO]]>
              </value>
            </param>
          </params>
          <reporter-output>
          </reporter-output>
        </test-method> <!-- orderhistory -->
        <test-method is-config="true" signature="teardown()[pri:0, instance:Automation.Tests.standalonetestPOMmodified@54a7079e]" started-at="2023-03-18T07:30:59 IST" name="teardown" finished-at="2023-03-18T07:30:59 IST" duration-ms="179" status="PASS">
          <reporter-output>
          </reporter-output>
        </test-method> <!-- teardown -->
        <test-method is-config="true" signature="launchapplication()[pri:0, instance:Automation.Tests.standalonetestPOMmodified@54a7079e]" started-at="2023-03-18T07:30:59 IST" name="launchapplication" finished-at="2023-03-18T07:31:04 IST" duration-ms="4816" status="PASS">
          <reporter-output>
          </reporter-output>
        </test-method> <!-- launchapplication -->
        <test-method signature="orderhistory(java.lang.String,java.lang.String,java.lang.String)[pri:0, instance:Automation.Tests.standalonetestPOMmodified@54a7079e]" started-at="2023-03-18T07:31:04 IST" name="orderhistory" data-provider="getData" finished-at="2023-03-18T07:31:05 IST" depends-on-methods="Automation.Tests.standalonetestPOMmodified.standalone" duration-ms="1347" status="PASS">
          <params>
            <param index="0">
              <value>
                <![CDATA[iqa@gmail.com]]>
              </value>
            </param>
            <param index="1">
              <value>
                <![CDATA[738218@Ggvk]]>
              </value>
            </param>
            <param index="2">
              <value>
                <![CDATA[IPHONE 13 PRO]]>
              </value>
            </param>
          </params>
          <reporter-output>
          </reporter-output>
        </test-method> <!-- orderhistory -->
        <test-method is-config="true" signature="teardown()[pri:0, instance:Automation.Tests.standalonetestPOMmodified@54a7079e]" started-at="2023-03-18T07:31:05 IST" name="teardown" finished-at="2023-03-18T07:31:05 IST" duration-ms="138" status="PASS">
          <reporter-output>
          </reporter-output>
        </test-method> <!-- teardown -->
      </class> <!-- Automation.Tests.standalonetestPOMmodified -->
    </test> <!-- Default test -->
  </suite> <!-- Default suite -->
</testng-results>
